[30-Jul-2017 07:20:13 UTC] PHP Fatal error:  Call to undefined method Collective\Html\FormFacade::isDeferred() in /home/ubuntu/workspace/microposts/vendor/laravel/framework/src/Illuminate/Foundation/ProviderRepository.php on line 119
[30-Jul-2017 07:20:13 UTC] PHP Stack trace:
[30-Jul-2017 07:20:13 UTC] PHP   1. {main}() /home/ubuntu/workspace/microposts/server.php:0
[30-Jul-2017 07:20:13 UTC] PHP   2. require_once() /home/ubuntu/workspace/microposts/server.php:21
[30-Jul-2017 07:20:13 UTC] PHP   3. Illuminate\Foundation\Http\Kernel->handle() /home/ubuntu/workspace/microposts/public/index.php:54
[30-Jul-2017 07:20:13 UTC] PHP   4. Illuminate\Foundation\Http\Kernel->sendRequestThroughRouter() /home/ubuntu/workspace/microposts/vendor/laravel/framework/src/Illuminate/Foundation/Http/Kernel.php:87
[30-Jul-2017 07:20:13 UTC] PHP   5. Illuminate\Foundation\Http\Kernel->bootstrap() /home/ubuntu/workspace/microposts/vendor/laravel/framework/src/Illuminate/Foundation/Http/Kernel.php:117
[30-Jul-2017 07:20:13 UTC] PHP   6. Illuminate\Foundation\Application->bootstrapWith() /home/ubuntu/workspace/microposts/vendor/laravel/framework/src/Illuminate/Foundation/Http/Kernel.php:222
[30-Jul-2017 07:20:13 UTC] PHP   7. Illuminate\Foundation\Bootstrap\RegisterProviders->bootstrap() /home/ubuntu/workspace/microposts/vendor/laravel/framework/src/Illuminate/Foundation/Application.php:203
[30-Jul-2017 07:20:13 UTC] PHP   8. Illuminate\Foundation\Application->registerConfiguredProviders() /home/ubuntu/workspace/microposts/vendor/laravel/framework/src/Illuminate/Foundation/Bootstrap/RegisterProviders.php:17
[30-Jul-2017 07:20:13 UTC] PHP   9. Illuminate\Foundation\ProviderRepository->load() /home/ubuntu/workspace/microposts/vendor/laravel/framework/src/Illuminate/Foundation/Application.php:507
[30-Jul-2017 07:20:13 UTC] PHP  10. Illuminate\Foundation\ProviderRepository->compileManifest() /home/ubuntu/workspace/microposts/vendor/laravel/framework/src/Illuminate/Foundation/ProviderRepository.php:60
[30-Jul-2017 07:23:14 UTC] PHP Fatal error:  Call to undefined method Collective\Html\FormFacade::isDeferred() in /home/ubuntu/workspace/microposts/vendor/laravel/framework/src/Illuminate/Foundation/ProviderRepository.php on line 119
[30-Jul-2017 07:23:14 UTC] PHP Stack trace:
[30-Jul-2017 07:23:14 UTC] PHP   1. {main}() /home/ubuntu/workspace/microposts/server.php:0
[30-Jul-2017 07:23:14 UTC] PHP   2. require_once() /home/ubuntu/workspace/microposts/server.php:21
[30-Jul-2017 07:23:14 UTC] PHP   3. Illuminate\Foundation\Http\Kernel->handle() /home/ubuntu/workspace/microposts/public/index.php:54
[30-Jul-2017 07:23:14 UTC] PHP   4. Illuminate\Foundation\Http\Kernel->sendRequestThroughRouter() /home/ubuntu/workspace/microposts/vendor/laravel/framework/src/Illuminate/Foundation/Http/Kernel.php:87
[30-Jul-2017 07:23:14 UTC] PHP   5. Illuminate\Foundation\Http\Kernel->bootstrap() /home/ubuntu/workspace/microposts/vendor/laravel/framework/src/Illuminate/Foundation/Http/Kernel.php:117
[30-Jul-2017 07:23:14 UTC] PHP   6. Illuminate\Foundation\Application->bootstrapWith() /home/ubuntu/workspace/microposts/vendor/laravel/framework/src/Illuminate/Foundation/Http/Kernel.php:222
[30-Jul-2017 07:23:14 UTC] PHP   7. Illuminate\Foundation\Bootstrap\RegisterProviders->bootstrap() /home/ubuntu/workspace/microposts/vendor/laravel/framework/src/Illuminate/Foundation/Application.php:203
[30-Jul-2017 07:23:14 UTC] PHP   8. Illuminate\Foundation\Application->registerConfiguredProviders() /home/ubuntu/workspace/microposts/vendor/laravel/framework/src/Illuminate/Foundation/Bootstrap/RegisterProviders.php:17
[30-Jul-2017 07:23:14 UTC] PHP   9. Illuminate\Foundation\ProviderRepository->load() /home/ubuntu/workspace/microposts/vendor/laravel/framework/src/Illuminate/Foundation/Application.php:507
[30-Jul-2017 07:23:14 UTC] PHP  10. Illuminate\Foundation\ProviderRepository->compileManifest() /home/ubuntu/workspace/microposts/vendor/laravel/framework/src/Illuminate/Foundation/ProviderRepository.php:60
[30-Jul-2017 07:23:24 UTC] PHP Fatal error:  Call to undefined method Collective\Html\FormFacade::isDeferred() in /home/ubuntu/workspace/microposts/vendor/laravel/framework/src/Illuminate/Foundation/ProviderRepository.php on line 119
[30-Jul-2017 07:23:24 UTC] PHP Stack trace:
[30-Jul-2017 07:23:24 UTC] PHP   1. {main}() /home/ubuntu/workspace/microposts/server.php:0
[30-Jul-2017 07:23:24 UTC] PHP   2. require_once() /home/ubuntu/workspace/microposts/server.php:21
[30-Jul-2017 07:23:24 UTC] PHP   3. Illuminate\Foundation\Http\Kernel->handle() /home/ubuntu/workspace/microposts/public/index.php:54
[30-Jul-2017 07:23:24 UTC] PHP   4. Illuminate\Foundation\Http\Kernel->sendRequestThroughRouter() /home/ubuntu/workspace/microposts/vendor/laravel/framework/src/Illuminate/Foundation/Http/Kernel.php:87
[30-Jul-2017 07:23:24 UTC] PHP   5. Illuminate\Foundation\Http\Kernel->bootstrap() /home/ubuntu/workspace/microposts/vendor/laravel/framework/src/Illuminate/Foundation/Http/Kernel.php:117
[30-Jul-2017 07:23:24 UTC] PHP   6. Illuminate\Foundation\Application->bootstrapWith() /home/ubuntu/workspace/microposts/vendor/laravel/framework/src/Illuminate/Foundation/Http/Kernel.php:222
[30-Jul-2017 07:23:24 UTC] PHP   7. Illuminate\Foundation\Bootstrap\RegisterProviders->bootstrap() /home/ubuntu/workspace/microposts/vendor/laravel/framework/src/Illuminate/Foundation/Application.php:203
[30-Jul-2017 07:23:24 UTC] PHP   8. Illuminate\Foundation\Application->registerConfiguredProviders() /home/ubuntu/workspace/microposts/vendor/laravel/framework/src/Illuminate/Foundation/Bootstrap/RegisterProviders.php:17
[30-Jul-2017 07:23:24 UTC] PHP   9. Illuminate\Foundation\ProviderRepository->load() /home/ubuntu/workspace/microposts/vendor/laravel/framework/src/Illuminate/Foundation/Application.php:507
[30-Jul-2017 07:23:24 UTC] PHP  10. Illuminate\Foundation\ProviderRepository->compileManifest() /home/ubuntu/workspace/microposts/vendor/laravel/framework/src/Illuminate/Foundation/ProviderRepository.php:60
[30-Jul-2017 07:24:24 UTC] PHP Fatal error:  Call to undefined method Collective\Html\FormFacade::isDeferred() in /home/ubuntu/workspace/microposts/vendor/laravel/framework/src/Illuminate/Foundation/ProviderRepository.php on line 119
[30-Jul-2017 07:24:24 UTC] PHP Stack trace:
[30-Jul-2017 07:24:24 UTC] PHP   1. {main}() /home/ubuntu/workspace/microposts/server.php:0
[30-Jul-2017 07:24:24 UTC] PHP   2. require_once() /home/ubuntu/workspace/microposts/server.php:21
[30-Jul-2017 07:24:24 UTC] PHP   3. Illuminate\Foundation\Http\Kernel->handle() /home/ubuntu/workspace/microposts/public/index.php:54
[30-Jul-2017 07:24:24 UTC] PHP   4. Illuminate\Foundation\Http\Kernel->sendRequestThroughRouter() /home/ubuntu/workspace/microposts/vendor/laravel/framework/src/Illuminate/Foundation/Http/Kernel.php:87
[30-Jul-2017 07:24:24 UTC] PHP   5. Illuminate\Foundation\Http\Kernel->bootstrap() /home/ubuntu/workspace/microposts/vendor/laravel/framework/src/Illuminate/Foundation/Http/Kernel.php:117
[30-Jul-2017 07:24:24 UTC] PHP   6. Illuminate\Foundation\Application->bootstrapWith() /home/ubuntu/workspace/microposts/vendor/laravel/framework/src/Illuminate/Foundation/Http/Kernel.php:222
[30-Jul-2017 07:24:24 UTC] PHP   7. Illuminate\Foundation\Bootstrap\RegisterProviders->bootstrap() /home/ubuntu/workspace/microposts/vendor/laravel/framework/src/Illuminate/Foundation/Application.php:203
[30-Jul-2017 07:24:24 UTC] PHP   8. Illuminate\Foundation\Application->registerConfiguredProviders() /home/ubuntu/workspace/microposts/vendor/laravel/framework/src/Illuminate/Foundation/Bootstrap/RegisterProviders.php:17
[30-Jul-2017 07:24:24 UTC] PHP   9. Illuminate\Foundation\ProviderRepository->load() /home/ubuntu/workspace/microposts/vendor/laravel/framework/src/Illuminate/Foundation/Application.php:507
[30-Jul-2017 07:24:24 UTC] PHP  10. Illuminate\Foundation\ProviderRepository->compileManifest() /home/ubuntu/workspace/microposts/vendor/laravel/framework/src/Illuminate/Foundation/ProviderRepository.php:60
[30-Jul-2017 07:25:13 UTC] PHP Fatal error:  Call to undefined method Collective\Html\FormFacade::isDeferred() in /home/ubuntu/workspace/microposts/vendor/laravel/framework/src/Illuminate/Foundation/ProviderRepository.php on line 119
[30-Jul-2017 07:25:13 UTC] PHP Stack trace:
[30-Jul-2017 07:25:13 UTC] PHP   1. {main}() /home/ubuntu/workspace/microposts/server.php:0
[30-Jul-2017 07:25:13 UTC] PHP   2. require_once() /home/ubuntu/workspace/microposts/server.php:21
[30-Jul-2017 07:25:13 UTC] PHP   3. Illuminate\Foundation\Http\Kernel->handle() /home/ubuntu/workspace/microposts/public/index.php:54
[30-Jul-2017 07:25:13 UTC] PHP   4. Illuminate\Foundation\Http\Kernel->sendRequestThroughRouter() /home/ubuntu/workspace/microposts/vendor/laravel/framework/src/Illuminate/Foundation/Http/Kernel.php:87
[30-Jul-2017 07:25:13 UTC] PHP   5. Illuminate\Foundation\Http\Kernel->bootstrap() /home/ubuntu/workspace/microposts/vendor/laravel/framework/src/Illuminate/Foundation/Http/Kernel.php:117
[30-Jul-2017 07:25:13 UTC] PHP   6. Illuminate\Foundation\Application->bootstrapWith() /home/ubuntu/workspace/microposts/vendor/laravel/framework/src/Illuminate/Foundation/Http/Kernel.php:222
[30-Jul-2017 07:25:13 UTC] PHP   7. Illuminate\Foundation\Bootstrap\RegisterProviders->bootstrap() /home/ubuntu/workspace/microposts/vendor/laravel/framework/src/Illuminate/Foundation/Application.php:203
[30-Jul-2017 07:25:13 UTC] PHP   8. Illuminate\Foundation\Application->registerConfiguredProviders() /home/ubuntu/workspace/microposts/vendor/laravel/framework/src/Illuminate/Foundation/Bootstrap/RegisterProviders.php:17
[30-Jul-2017 07:25:13 UTC] PHP   9. Illuminate\Foundation\ProviderRepository->load() /home/ubuntu/workspace/microposts/vendor/laravel/framework/src/Illuminate/Foundation/Application.php:507
[30-Jul-2017 07:25:13 UTC] PHP  10. Illuminate\Foundation\ProviderRepository->compileManifest() /home/ubuntu/workspace/microposts/vendor/laravel/framework/src/Illuminate/Foundation/ProviderRepository.php:60
[30-Jul-2017 07:28:10 UTC] PHP Fatal error:  Call to undefined method Collective\Html\FormFacade::isDeferred() in /home/ubuntu/workspace/microposts/vendor/laravel/framework/src/Illuminate/Foundation/ProviderRepository.php on line 119
[30-Jul-2017 07:28:10 UTC] PHP Stack trace:
[30-Jul-2017 07:28:10 UTC] PHP   1. {main}() /home/ubuntu/workspace/microposts/server.php:0
[30-Jul-2017 07:28:10 UTC] PHP   2. require_once() /home/ubuntu/workspace/microposts/server.php:21
[30-Jul-2017 07:28:10 UTC] PHP   3. Illuminate\Foundation\Http\Kernel->handle() /home/ubuntu/workspace/microposts/public/index.php:54
[30-Jul-2017 07:28:10 UTC] PHP   4. Illuminate\Foundation\Http\Kernel->sendRequestThroughRouter() /home/ubuntu/workspace/microposts/vendor/laravel/framework/src/Illuminate/Foundation/Http/Kernel.php:87
[30-Jul-2017 07:28:10 UTC] PHP   5. Illuminate\Foundation\Http\Kernel->bootstrap() /home/ubuntu/workspace/microposts/vendor/laravel/framework/src/Illuminate/Foundation/Http/Kernel.php:117
[30-Jul-2017 07:28:10 UTC] PHP   6. Illuminate\Foundation\Application->bootstrapWith() /home/ubuntu/workspace/microposts/vendor/laravel/framework/src/Illuminate/Foundation/Http/Kernel.php:222
[30-Jul-2017 07:28:10 UTC] PHP   7. Illuminate\Foundation\Bootstrap\RegisterProviders->bootstrap() /home/ubuntu/workspace/microposts/vendor/laravel/framework/src/Illuminate/Foundation/Application.php:203
[30-Jul-2017 07:28:10 UTC] PHP   8. Illuminate\Foundation\Application->registerConfiguredProviders() /home/ubuntu/workspace/microposts/vendor/laravel/framework/src/Illuminate/Foundation/Bootstrap/RegisterProviders.php:17
[30-Jul-2017 07:28:10 UTC] PHP   9. Illuminate\Foundation\ProviderRepository->load() /home/ubuntu/workspace/microposts/vendor/laravel/framework/src/Illuminate/Foundation/Application.php:507
[30-Jul-2017 07:28:10 UTC] PHP  10. Illuminate\Foundation\ProviderRepository->compileManifest() /home/ubuntu/workspace/microposts/vendor/laravel/framework/src/Illuminate/Foundation/ProviderRepository.php:60
[30-Jul-2017 07:29:07 UTC] PHP Fatal error:  Call to undefined method Collective\Html\FormFacade::isDeferred() in /home/ubuntu/workspace/microposts/vendor/laravel/framework/src/Illuminate/Foundation/ProviderRepository.php on line 119
[30-Jul-2017 07:29:07 UTC] PHP Stack trace:
[30-Jul-2017 07:29:07 UTC] PHP   1. {main}() /home/ubuntu/workspace/microposts/server.php:0
[30-Jul-2017 07:29:07 UTC] PHP   2. require_once() /home/ubuntu/workspace/microposts/server.php:21
[30-Jul-2017 07:29:07 UTC] PHP   3. Illuminate\Foundation\Http\Kernel->handle() /home/ubuntu/workspace/microposts/public/index.php:54
[30-Jul-2017 07:29:07 UTC] PHP   4. Illuminate\Foundation\Http\Kernel->sendRequestThroughRouter() /home/ubuntu/workspace/microposts/vendor/laravel/framework/src/Illuminate/Foundation/Http/Kernel.php:87
[30-Jul-2017 07:29:07 UTC] PHP   5. Illuminate\Foundation\Http\Kernel->bootstrap() /home/ubuntu/workspace/microposts/vendor/laravel/framework/src/Illuminate/Foundation/Http/Kernel.php:117
[30-Jul-2017 07:29:07 UTC] PHP   6. Illuminate\Foundation\Application->bootstrapWith() /home/ubuntu/workspace/microposts/vendor/laravel/framework/src/Illuminate/Foundation/Http/Kernel.php:222
[30-Jul-2017 07:29:07 UTC] PHP   7. Illuminate\Foundation\Bootstrap\RegisterProviders->bootstrap() /home/ubuntu/workspace/microposts/vendor/laravel/framework/src/Illuminate/Foundation/Application.php:203
[30-Jul-2017 07:29:07 UTC] PHP   8. Illuminate\Foundation\Application->registerConfiguredProviders() /home/ubuntu/workspace/microposts/vendor/laravel/framework/src/Illuminate/Foundation/Bootstrap/RegisterProviders.php:17
[30-Jul-2017 07:29:07 UTC] PHP   9. Illuminate\Foundation\ProviderRepository->load() /home/ubuntu/workspace/microposts/vendor/laravel/framework/src/Illuminate/Foundation/Application.php:507
[30-Jul-2017 07:29:07 UTC] PHP  10. Illuminate\Foundation\ProviderRepository->compileManifest() /home/ubuntu/workspace/microposts/vendor/laravel/framework/src/Illuminate/Foundation/ProviderRepository.php:60
[30-Jul-2017 11:20:52 UTC] PHP Parse error:  syntax error, unexpected 'endforeach' (T_ENDFOREACH) in /home/ubuntu/workspace/microposts/storage/framework/views/97218b9b0547a15a7f1f62af9a6e8174 on line 2
[30-Jul-2017 11:20:52 UTC] PHP Stack trace:
[30-Jul-2017 11:20:52 UTC] PHP   1. {main}() /home/ubuntu/workspace/microposts/server.php:0
[30-Jul-2017 11:20:52 UTC] PHP   2. require_once() /home/ubuntu/workspace/microposts/server.php:21
[30-Jul-2017 11:20:52 UTC] PHP   3. Illuminate\Foundation\Http\Kernel->handle() /home/ubuntu/workspace/microposts/public/index.php:54
[30-Jul-2017 11:20:52 UTC] PHP   4. Illuminate\Foundation\Http\Kernel->sendRequestThroughRouter() /home/ubuntu/workspace/microposts/vendor/laravel/framework/src/Illuminate/Foundation/Http/Kernel.php:87
[30-Jul-2017 11:20:52 UTC] PHP   5. Illuminate\Pipeline\Pipeline->then() /home/ubuntu/workspace/microposts/vendor/laravel/framework/src/Illuminate/Foundation/Http/Kernel.php:122
[30-Jul-2017 11:20:52 UTC] PHP   6. call_user_func:{/home/ubuntu/workspace/microposts/vendor/laravel/framework/src/Illuminate/Pipeline/Pipeline.php:103}() /home/ubuntu/workspace/microposts/vendor/laravel/framework/src/Illuminate/Pipeline/Pipeline.php:103
[30-Jul-2017 11:20:52 UTC] PHP   7. Illuminate\Pipeline\Pipeline->Illuminate\Pipeline\{closure}() /home/ubuntu/workspace/microposts/vendor/laravel/framework/src/Illuminate/Pipeline/Pipeline.php:103
[30-Jul-2017 11:20:52 UTC] PHP   8. call_user_func_array:{/home/ubuntu/workspace/microposts/vendor/laravel/framework/src/Illuminate/Pipeline/Pipeline.php:124}() /home/ubuntu/workspace/microposts/vendor/laravel/framework/src/Illuminate/Pipeline/Pipeline.php:124
[30-Jul-2017 11:20:52 UTC] PHP   9. Illuminate\Foundation\Http\Middleware\CheckForMaintenanceMode->handle() /home/ubuntu/workspace/microposts/vendor/laravel/framework/src/Illuminate/Pipeline/Pipeline.php:124
[30-Jul-2017 11:20:52 UTC] PHP  10. Illuminate\Pipeline\Pipeline->Illuminate\Pipeline\{closure}() /home/ubuntu/workspace/microposts/vendor/laravel/framework/src/Illuminate/Foundation/Http/Middleware/CheckForMaintenanceMode.php:44
[30-Jul-2017 11:20:52 UTC] PHP  11. call_user_func_array:{/home/ubuntu/workspace/microposts/vendor/laravel/framework/src/Illuminate/Pipeline/Pipeline.php:124}() /home/ubuntu/workspace/microposts/vendor/laravel/framework/src/Illuminate/Pipeline/Pipeline.php:124
[30-Jul-2017 11:20:52 UTC] PHP  12. Illuminate\Cookie\Middleware\EncryptCookies->handle() /home/ubuntu/workspace/microposts/vendor/laravel/framework/src/Illuminate/Pipeline/Pipeline.php:124
[30-Jul-2017 11:20:52 UTC] PHP  13. Illuminate\Pipeline\Pipeline->Illuminate\Pipeline\{closure}() /home/ubuntu/workspace/microposts/vendor/laravel/framework/src/Illuminate/Cookie/Middleware/EncryptCookies.php:59
[30-Jul-2017 11:20:52 UTC] PHP  14. call_user_func_array:{/home/ubuntu/workspace/microposts/vendor/laravel/framework/src/Illuminate/Pipeline/Pipeline.php:124}() /home/ubuntu/workspace/microposts/vendor/laravel/framework/src/Illuminate/Pipeline/Pipeline.php:124
[30-Jul-2017 11:20:52 UTC] PHP  15. Illuminate\Cookie\Middleware\AddQueuedCookiesToResponse->handle() /home/ubuntu/workspace/microposts/vendor/laravel/framework/src/Illuminate/Pipeline/Pipeline.php:124
[30-Jul-2017 11:20:52 UTC] PHP  16. Illuminate\Pipeline\Pipeline->Illuminate\Pipeline\{closure}() /home/ubuntu/workspace/microposts/vendor/laravel/framework/src/Illuminate/Cookie/Middleware/AddQueuedCookiesToResponse.php:37
[30-Jul-2017 11:20:52 UTC] PHP  17. call_user_func_array:{/home/ubuntu/workspace/microposts/vendor/laravel/framework/src/Illuminate/Pipeline/Pipeline.php:124}() /home/ubuntu/workspace/microposts/vendor/laravel/framework/src/Illuminate/Pipeline/Pipeline.php:124
[30-Jul-2017 11:20:52 UTC] PHP  18. Illuminate\Session\Middleware\StartSession->handle() /home/ubuntu/workspace/microposts/vendor/laravel/framework/src/Illuminate/Pipeline/Pipeline.php:124
[30-Jul-2017 11:20:52 UTC] PHP  19. Illuminate\Pipeline\Pipeline->Illuminate\Pipeline\{closure}() /home/ubuntu/workspace/microposts/vendor/laravel/framework/src/Illuminate/Session/Middleware/StartSession.php:62
[30-Jul-2017 11:20:52 UTC] PHP  20. call_user_func_array:{/home/ubuntu/workspace/microposts/vendor/laravel/framework/src/Illuminate/Pipeline/Pipeline.php:124}() /home/ubuntu/workspace/microposts/vendor/laravel/framework/src/Illuminate/Pipeline/Pipeline.php:124
[30-Jul-2017 11:20:52 UTC] PHP  21. Illuminate\View\Middleware\ShareErrorsFromSession->handle() /home/ubuntu/workspace/microposts/vendor/laravel/framework/src/Illuminate/Pipeline/Pipeline.php:124
[30-Jul-2017 11:20:52 UTC] PHP  22. Illuminate\Pipeline\Pipeline->Illuminate\Pipeline\{closure}() /home/ubuntu/workspace/microposts/vendor/laravel/framework/src/Illuminate/View/Middleware/ShareErrorsFromSession.php:49
[30-Jul-2017 11:20:52 UTC] PHP  23. call_user_func_array:{/home/ubuntu/workspace/microposts/vendor/laravel/framework/src/Illuminate/Pipeline/Pipeline.php:124}() /home/ubuntu/workspace/microposts/vendor/laravel/framework/src/Illuminate/Pipeline/Pipeline.php:124
[30-Jul-2017 11:20:52 UTC] PHP  24. Illuminate\Foundation\Http\Middleware\VerifyCsrfToken->handle() /home/ubuntu/workspace/microposts/vendor/laravel/framework/src/Illuminate/Pipeline/Pipeline.php:124
[30-Jul-2017 11:20:52 UTC] PHP  25. Illuminate\Pipeline\Pipeline->Illuminate\Pipeline\{closure}() /home/ubuntu/workspace/microposts/vendor/laravel/framework/src/Illuminate/Foundation/Http/Middleware/VerifyCsrfToken.php:50
[30-Jul-2017 11:20:52 UTC] PHP  26. call_user_func:{/home/ubuntu/workspace/microposts/vendor/laravel/framework/src/Illuminate/Pipeline/Pipeline.php:139}() /home/ubuntu/workspace/microposts/vendor/laravel/framework/src/Illuminate/Pipeline/Pipeline.php:139
[30-Jul-2017 11:20:52 UTC] PHP  27. Illuminate\Foundation\Http\Kernel->Illuminate\Foundation\Http\{closure}() /home/ubuntu/workspace/microposts/vendor/laravel/framework/src/Illuminate/Pipeline/Pipeline.php:139
[30-Jul-2017 11:20:52 UTC] PHP  28. Illuminate\Routing\Router->dispatch() /home/ubuntu/workspace/microposts/vendor/laravel/framework/src/Illuminate/Foundation/Http/Kernel.php:236
[30-Jul-2017 11:20:52 UTC] PHP  29. Illuminate\Routing\Router->dispatchToRoute() /home/ubuntu/workspace/microposts/vendor/laravel/framework/src/Illuminate/Routing/Router.php:635
[30-Jul-2017 11:20:52 UTC] PHP  30. Illuminate\Routing\Router->runRouteWithinStack() /home/ubuntu/workspace/microposts/vendor/laravel/framework/src/Illuminate/Routing/Router.php:675
[30-Jul-2017 11:20:52 UTC] PHP  31. Illuminate\Pipeline\Pipeline->then() /home/ubuntu/workspace/microposts/vendor/laravel/framework/src/Illuminate/Routing/Router.php:710
[30-Jul-2017 11:20:52 UTC] PHP  32. call_user_func:{/home/ubuntu/workspace/microposts/vendor/laravel/framework/src/Illuminate/Pipeline/Pipeline.php:103}() /home/ubuntu/workspace/microposts/vendor/laravel/framework/src/Illuminate/Pipeline/Pipeline.php:103
[30-Jul-2017 11:20:52 UTC] PHP  33. Illuminate\Pipeline\Pipeline->Illuminate\Pipeline\{closure}() /home/ubuntu/workspace/microposts/vendor/laravel/framework/src/Illuminate/Pipeline/Pipeline.php:103
[30-Jul-2017 11:20:52 UTC] PHP  34. call_user_func_array:{/home/ubuntu/workspace/microposts/vendor/laravel/framework/src/Illuminate/Pipeline/Pipeline.php:124}() /home/ubuntu/workspace/microposts/vendor/laravel/framework/src/Illuminate/Pipeline/Pipeline.php:124
[30-Jul-2017 11:20:52 UTC] PHP  35. App\Http\Middleware\Authenticate->handle() /home/ubuntu/workspace/microposts/vendor/laravel/framework/src/Illuminate/Pipeline/Pipeline.php:124
[30-Jul-2017 11:20:52 UTC] PHP  36. Illuminate\Pipeline\Pipeline->Illuminate\Pipeline\{closure}() /home/ubuntu/workspace/microposts/app/Http/Middleware/Authenticate.php:45
[30-Jul-2017 11:20:52 UTC] PHP  37. call_user_func:{/home/ubuntu/workspace/microposts/vendor/laravel/framework/src/Illuminate/Pipeline/Pipeline.php:139}() /home/ubuntu/workspace/microposts/vendor/laravel/framework/src/Illuminate/Pipeline/Pipeline.php:139
[30-Jul-2017 11:20:52 UTC] PHP  38. Illuminate\Routing\Router->Illuminate\Routing\{closure}() /home/ubuntu/workspace/microposts/vendor/laravel/framework/src/Illuminate/Pipeline/Pipeline.php:139
[30-Jul-2017 11:20:52 UTC] PHP  39. Illuminate\Routing\Route->run() /home/ubuntu/workspace/microposts/vendor/laravel/framework/src/Illuminate/Routing/Router.php:708
[30-Jul-2017 11:20:52 UTC] PHP  40. Illuminate\Routing\Route->runWithCustomDispatcher() /home/ubuntu/workspace/microposts/vendor/laravel/framework/src/Illuminate/Routing/Route.php:134
[30-Jul-2017 11:20:52 UTC] PHP  41. Illuminate\Routing\ControllerDispatcher->dispatch() /home/ubuntu/workspace/microposts/vendor/laravel/framework/src/Illuminate/Routing/Route.php:203
[30-Jul-2017 11:20:52 UTC] PHP  42. Illuminate\Routing\ControllerDispatcher->callWithinStack() /home/ubuntu/workspace/microposts/vendor/laravel/framework/src/Illuminate/Routing/ControllerDispatcher.php:69
[30-Jul-2017 11:20:52 UTC] PHP  43. Illuminate\Pipeline\Pipeline->then() /home/ubuntu/workspace/microposts/vendor/laravel/framework/src/Illuminate/Routing/ControllerDispatcher.php:114
[30-Jul-2017 11:20:52 UTC] PHP  44. call_user_func:{/home/ubuntu/workspace/microposts/vendor/laravel/framework/src/Illuminate/Pipeline/Pipeline.php:103}() /home/ubuntu/workspace/microposts/vendor/laravel/framework/src/Illuminate/Pipeline/Pipeline.php:103
[30-Jul-2017 11:20:52 UTC] PHP  45. Illuminate\Pipeline\Pipeline->Illuminate\Pipeline\{closure}() /home/ubuntu/workspace/microposts/vendor/laravel/framework/src/Illuminate/Pipeline/Pipeline.php:103
[30-Jul-2017 11:20:52 UTC] PHP  46. call_user_func:{/home/ubuntu/workspace/microposts/vendor/laravel/framework/src/Illuminate/Pipeline/Pipeline.php:139}() /home/ubuntu/workspace/microposts/vendor/laravel/framework/src/Illuminate/Pipeline/Pipeline.php:139
[30-Jul-2017 11:20:52 UTC] PHP  47. Illuminate\Routing\ControllerDispatcher->Illuminate\Routing\{closure}() /home/ubuntu/workspace/microposts/vendor/laravel/framework/src/Illuminate/Pipeline/Pipeline.php:139
[30-Jul-2017 11:20:52 UTC] PHP  48. Illuminate\Routing\Router->prepareResponse() /home/ubuntu/workspace/microposts/vendor/laravel/framework/src/Illuminate/Routing/ControllerDispatcher.php:113
[30-Jul-2017 11:20:52 UTC] PHP  49. Symfony\Component\HttpFoundation\Response->__construct() /home/ubuntu/workspace/microposts/vendor/laravel/framework/src/Illuminate/Routing/Router.php:1229
[30-Jul-2017 11:20:52 UTC] PHP  50. Illuminate\Http\Response->setContent() /home/ubuntu/workspace/microposts/vendor/symfony/http-foundation/Response.php:202
[30-Jul-2017 11:20:52 UTC] PHP  51. Illuminate\View\View->render() /home/ubuntu/workspace/microposts/vendor/laravel/framework/src/Illuminate/Http/Response.php:51
[30-Jul-2017 11:20:52 UTC] PHP  52. Illuminate\View\View->renderContents() /home/ubuntu/workspace/microposts/vendor/laravel/framework/src/Illuminate/View/View.php:83
[30-Jul-2017 11:20:52 UTC] PHP  53. Illuminate\View\View->getContents() /home/ubuntu/workspace/microposts/vendor/laravel/framework/src/Illuminate/View/View.php:118
[30-Jul-2017 11:20:52 UTC] PHP  54. Illuminate\View\Engines\CompilerEngine->get() /home/ubuntu/workspace/microposts/vendor/laravel/framework/src/Illuminate/View/View.php:147
[30-Jul-2017 11:20:52 UTC] PHP  55. Illuminate\View\Engines\PhpEngine->evaluatePath() /home/ubuntu/workspace/microposts/vendor/laravel/framework/src/Illuminate/View/Engines/CompilerEngine.php:58
[30-Jul-2017 11:20:52 UTC] PHP  56. include() /home/ubuntu/workspace/microposts/vendor/laravel/framework/src/Illuminate/View/Engines/PhpEngine.php:42
[30-Jul-2017 11:20:52 UTC] PHP  57. Illuminate\View\View->render() /home/ubuntu/workspace/microposts/storage/framework/views/2dc83a097032d9b1960a11df23bfff2d:3
[30-Jul-2017 11:20:52 UTC] PHP  58. Illuminate\View\View->renderContents() /home/ubuntu/workspace/microposts/vendor/laravel/framework/src/Illuminate/View/View.php:83
[30-Jul-2017 11:20:52 UTC] PHP  59. Illuminate\View\View->getContents() /home/ubuntu/workspace/microposts/vendor/laravel/framework/src/Illuminate/View/View.php:118
[30-Jul-2017 11:20:52 UTC] PHP  60. Illuminate\View\Engines\CompilerEngine->get() /home/ubuntu/workspace/microposts/vendor/laravel/framework/src/Illuminate/View/View.php:147
[30-Jul-2017 11:20:52 UTC] PHP  61. Illuminate\View\Engines\PhpEngine->evaluatePath() /home/ubuntu/workspace/microposts/vendor/laravel/framework/src/Illuminate/View/Engines/CompilerEngine.php:58
